6a10        (  !LLLՑ                        LLLՓ3
  !MERCURY *M>l                  Yk|
  "VENUS   ~+C                  _;8
  #EARTH   Z                  Ϳeb
  $MARS    @]pO$                  +8À{Ǒ
  %JUPITER MV-                  ޵վȑ
  &SATURN  "t&w                  @Ym.
  'URANUS  pJ                  Txp
  (NEPTUNE ɹG*=L                  m|d
  )HALLEY  'E                  ͦyyx
6bO;:ė  %  )LsY0r~TYP@ᎌܲ40gYѓZÒxASJJZ
6b"S  %  )Qa@zZNmY'>᫓-pZ|x5/3
6b%=06  %  )Rs:?v[0wAȎW <;[mxG~L؁Q
6bNfA"  &  )ԔUͶ`&gqӥ::Y"߇(GTeqSpdg{Tż
6b/  &  )x@]K1iul\7_Ώ2_.XCduk~]߀c#
6bp󻲘  &  )슢.{Cwo~c&YUJWЎxI@F}2^
6b,  &  )+[C:=ܼXuH&nD [?㓀Zk/FX
6ba'  &  )'Dp;ywٍadFBFlԆ"#y0:6CQ
6b!.)7  &  )cEߵ6m;H6`,@>ێoC2ϥ'˙r0L)
6bpE]s  &  );zTʋFro8&N[<ҏGY7wsf7@}
6bMh:  &  )bDB1؏K㔤[{W"{JLoD7Տd5r=9C;
6b̯ˌQ  %  )[[o-X:5}>:@^rչ',Lg::]JO,y4dss
6b`K  %  )g7눑[':WbuPLT\rİS$7:F̴84
6bН,p.٘  #  )f&[<>^CGo׷7L?~u<ђGnH`mB>b~
6a10        (   LLLՑ                        LLLՓ3
  !MERCURY *M>l                  Yk|
  "VENUS   ~+C                  _;8
  #EARTH   Z                  Ϳeb
  $MARS    @]pO$                  +8À{Ǒ
  %JUPITER MV-                  ޵վȑ
  &SATURN  "t&w                  @Ym.
  'URANUS  pJ                  Txp
  (NEPTUNE ɹG*=L                  m|d
