6a10        (  !LLLՑ                        LLLՓ3
  !MERCURY *M>l                  Yk|
  "VENUS   ~+C                  _;8
  #EARTH   Z                  Ϳeb
  $MARS    @]pO$                  +8À{Ǒ
  %JUPITER MV-                  ޵վȑ
  &SATURN  "t&w                  @Ym.
  'URANUS  pJ                  Txp
  (NEPTUNE ɹG*=L                  m|d
  )HALLEY  'E                  ͦyyx
6b        (  !
  !mZ[]co0$¥ȨSworO;'chӹ=ԕ
  "zʩ.ئrKieORo}Ð3 ?ѹ jR)5
  #)t\~}YY<?$ޞ !wl,5
  $fez]㎍nXnO^sJ^s>0ArRH֪
  %-5iT3?a+Ik>YS{vzb
  &}6m9tP=@9(c-Brgy_41
  'ԅD'<~VrÿE1=G),h@=7/
  (ߣk&8gڴݿiGMңՒK.%67ލ
  )jebHYFDk"i)UŐPbzY.'ra
6bwN  (  !
  !e~RiMך|u*Dr#~͒(:
  "zak#x2cP,)vk2{MsB
  #w'b0̙lͭYZQ99u
  $~sR+pTN-cEGt*iBdP9
  %yߐhj,x|bŲff~YY|{`
  &-2jOP@Xcؽ(7]DOZwm8Ooz
  'qD#1CgdE~>ҽM9'j)y5B 1
  (]MH|J~>A3~Võ9r5Tzvؗ8(ϕ
  )?#3:G{W֬Kkºe<vdm
6bϩ}I  (  !
  !fgQZ~;e|7)ڨʥȫfyy\Ϩ
  "zͳL-ojvNpBPմB)WB&VI
  #M%T0po3Ȩc(;ߧT5{#
  $HӾC Ht{}/6-\j\F-i
  %5YQEqfpM.[34B>aގZp\D
  &|SVxhr86?gJ-b[9n6c=}
  'a1e|ʽѬ-bHKeCFKt E
  (_Hg1_[G;=1d×4~2Lul5cz
  )]`,{B`gTD!z@hml=pH
6b]#5H  (  !
  !mI"Ғ!L<7z۽숱!I"zPbf=
  "z3U{ReL]0}RU砵3sedh0
  #$|W!r5FSWLŎ3i$75]E~6F>
  $W7pzPrlIh=1/D y
  %}@һV]̲xl_S29YٖWU
  &P4uGIEPPQٗ62Sߏn+t}$s
  'Xޡː:D-̈=߸;2Tn}JrM`b
  (߲֞܆yﵼ#D]4兙w
  )?s$!8Y+K/Ұ0t]8(۟(>o`
6bqoҌU  (  !
  !n|ŞiMxȻCÒa݇.{c
  "zϿ?IxI=q.&bS)wpp
  #򆣒գEB51tskTwd}
  $>6az8{FLhܲOz:ܤi?mN=?V
  %{=F"],M6~5h@h7ue*1cnL?jr
  &P.NnލfjvߚᨈʟHEf((tH
  'JevPqVem8Z@?#w͐z꿟Oe>a
  (>9܎7H풋\ϑ0F(PJo#Wgh
  )4Qғ|0Ix\-+=˾B
6b7c  (  !
  !inQ̼aw:x訕-<P@Smtfm
  "z1ÆrY>G9jo36ϝ8߰
  #j3/rf`0UҺjȵdb9J6$P+,TwH<X
  $?_\ߕ/`jĥw(hLOkbUAZ$r
  %֐~s.ò\-EJ})͑dm<ty
  &X+ܐ1r^1}@@Z~P7pꪹx
  '51gGMBp-Ȅt,t<To*h*
  (XM09BoFX{-[^:0W8~KdJz
  )޴^^"UDP-tH7"yd8]/`*:p$M
6b'Kp  (  !
  !c/͓R$KzNwU15Ė+Ӹ/Zkn
  "z?PK&¹EH^8mNPP(}HV@
  #_QǕgƪkEAD¶*ȐQ9R8r
  $1RĂR+XIl)̫^Hl-
  %6Y1XǑ2b"s@墵9$vER\Va
  &:(Oe?Kw_q1ɥ`wc"~3,c`
  '?.ؐJ-O.!8fB߶Ė*2ː'7>X;3Q
  (_pĚu0حrrfe$g31Ex:u
  )sQ6iصx==V[6b6Ƥez
6bsm~  (  !
  !jV9U:ctVJͯəsW0㫂K\
  "zm5q;Cp8Iִgqo0%{J᱂
  #Ӑ!:qC=+7=:bёGqyy\
  $ٌYǎ"򁈥U57ub"TXHo2i
  %}шˑCddώlԉ}znS
  &9]Ȏ\S)^~W򴷪PG})y6]f
  '_I=b!%K"*Y<@dEJ(\F@Ѧj
  (߶?f,gq8Ђ֌[ݪհɁ삂RM
  )'մ91<MzE#Al&1TGχ/Vt
6b¿ݤ  (  !
  !nB3w,w'Ҵ-t8mU/ɽ &f*7f
  "zO|sDaw@I.䝔9zEx$%3
  #Ii\/GdW챮'K L=M=G&
  $]tRC҈ٟZ8Kx(=֑a9"_ÎEZ,
  %2PZMbfщb{hm
  &h\Bk.Q䷤rpو3Rj?&~f>Ԩ>
  'is"yP<*S2ꞟvNMCa@
  (XǙ@5EE<B@9]d'we:}bh܎e
  )߷(-SUtH3/9 TU</VZhK
6b+a  (  !
  !lÉو'!0_5?anᶆА,&Di)3
  "z{;.~@B@C;=~,VԎF"v(5j
  #YE!%+-LSv?`Hyiג6Wjet2>
  $| yjijLo璳J,iSAl^kPw\&k
  %]HQ!Aݤ47lB`!^CTLÅwvp
  &Oc@&>QM4yJK厯a^Ո*^60
  'ӷ#F֑JK.!K%ն6ƛWyeKeU
  (-ܦŏUp)ƴAޒk玀2$0l
  )wBڶFٝíh}UiQ?Z;@'
6bwN  (  !
  !e~{gАcFA5"a<'Q󚫜"
  "z5jL>pr:Z|꒳\ﰚ'(sw~
  #:.ˑR5sY.ڶaR~f<+OW@
  $g9+x Ǆ[jCMBˑG;!`>(
  %g%d߫ȉIgҵ4׋ϐHg%0E\
  &4w͌eE£%rDOZRG<Z:Q
  'ӱ@Zy+2 YiI8/Hi}o7C
  (ߧ$h̛*-&Ԙt|@q"cLSYȾ
  )F0GYCެKS)gg]eV
6bкٰ  (  !
  !g}=Kw^'HFJvU~+`<Vވ$X5@~6\^
  "z:{[N`7􈩩ܸtNc󊑷_pzt
  #8^Ꭻpgv>Gl}ZǓJHJ;BV)
  $Dv~/C*o_k[xORI//qlpcƂǦ7
  %GBߤѿ"hCD7*4=GsN(`6p^
  &WWG~㇉5>LXM)UBxۅt
  'ө]mZT26;'T·YmU[
  (YyoB4DLǬ!~/Wk'Ook'|iy
  )SF^RW,pxmr/k9GǐfyjK
6b4/w  (  !
  !mH8-h|8b=^7ěq΍(yEoυ
  "zM{55_G۹5=aꦵ~2|ߑY@Pn~!
  #re&SV%pUwD2#/13ޡ
  $?`R=VôNWdm3~dts
  %e<biˊfx0.=HI4
  &bE@9aX/@LktLRюY]MN
  'ӓ=%UW,w;!31Eg+w{cr,
  (_í2/hک'nP~2y1ASW
  )౏xeJu]XzE䦘s 0?ZUy[[
6bH{4/Θ  (  !
  !nB=8&[x{GrVRYD:ճt$|f(W
  "{X-mQ"#,-`3sh?ΐ4֐PWl[r4S
  #5U^e=hpg>lۯ Zws"]}hI
  $o>"ɻ#5VQ?Ժ|M {MXCi.
  %fŗ-nY9Wg0aW)Bn6#]vhogv_
  &`YT`&=j8,-N=mW=]
  'Ӌg_&\NAŞ?Q?-.ڐFuvҦw߼
  (ߔqn+D8\!>~g{?>Cr
  )^ANؠ!7j55X"]piڪ`a.
6b\кؘ  (  !
  !h~<p*$C4V㰃QOCBәTV)Q/
  "{KJ'1Z1}?΀"B8ܢ=tj2K
  #PБGC pG=L`\-D.J?aIvy8S%
  $9LEL'߷RT0wЙlsCo
  %݂`{F=5P[X{ꉎ:"jq9-
  &CCȑCݡIbWHlmE,'>4گJ{jP8
  'ӄ7Ғd+ᓙ\C]#rɏܓbU_z`
  (c?*)CBCL׊|(G2{,y
  )kYB!4޲6 *[H4b]A^sz
6bq3e  (  !
  !dN^d^x]cT^bdw-$&3ό8
  "{"VF3 U/'L& Lh~g '
  #ʱ`ߨyLA=5}QMNk>UF
  $:ｐU}&UǼeUבU.T2?QS
  %eۏL1qs3-wl&M9Îd<aO
  &FK[+&V%UI50֋Zj
  '];ͼOvTHUt:x\*}L~Wsh*HE
  (8v\Y1ud/lTe>0hxdYIh
  )әAQãc-$&Ԉ4rɮ6|%˂
6bхI  (  !
  !kwsR섟w8zZ(x΍Dz!-n:1
  "{$ʎ_Α\-uS$ei,,9
  #~*厢O{fϿseUeˀgT%& xG
  $ӌ}~k(ZILhjؑŐ,_O
  %"^bM%I_qaSvN)κ*6O
  &r=,%3KO²IB!O\$
  'T[*É~;LU8<oq{%yf4qt}J
  (߈b6PW2H_f7Rp'a5ގVH@^y[r~W
  )C"bOEѥ+7ǅЁWٙχ6\*rg
6a10ՙ˶$  (   LLLՑ                        LLLՓ3
  !MERCURY *M>l                  Yk|
  "VENUS   ~+C                  _;8
  #EARTH   Z                  Ϳeb
  $MARS    @]pO$                  +8À{Ǒ
  %JUPITER MV-                  ޵վȑ
  &SATURN  "t&w                  @Ym.
  'URANUS  pJ                  Txp
  (NEPTUNE ɹG*=L                  m|d
6bՙ˶$  (   
  !nm'W=|M25ٕ(tmפ
  "{4Ũ~1+8mk*u*Kc6I
  #Ĝy3Hb٣Ƚ:Qh>>ln֦k
  $LѮ!/d`Kϊ_rcKr=֒SfD
  %4QːގwSȮ^]bTeNבT'?6
  &fCbcE.jżϓ"+&KU؇y
  'e"9ntKO=;O@yC]eZA
  (m!!Kw[LB#;s,]я3(zƹz`
6bٮ7G+  (   
  !k0CՏ(NZ_FSϻR2߃䂲a-HG[H
  "{o4Xw*{Ep6,ҼbD3a˚ȩEW
  #̃[#rkxНss;)Nѱf0f
  $xKo$ك|5<<(;J);!2@A
  %lѐVڹNTr.Lݒ@sà1r
  &(Z>Re~l` ´b_bJ)kgZ=
  'WTf8u]T2p۾O)dѮUc2
  (aE;TtIdפd5 frZ(o$嶪/jTM
6b_<  (   
  !e{5V4p0Y<[@*%eeJ3
  "{m/Qe9#(>NY/]g9ӓH_C/E
  #ۯ#Vi)YbNQLhU;2oڍ"Kj++t
  $*51[ы9%WʯR\.GazkQؽUH
  %ȩ;qÑ0DUU*tJU`7Se:<
  &^XVK[ʮCz/fߐo3pޣn!
  '58ߒ*XQpY'?Ǆ p̸T8
  (|mzD61~k 2`4\̈ۉ'\R
6bϩ}M  (   
  !hYUE5rJ[LE;~Jj$4FNɳ
  "{V_3ޓU#'B2z镶U|vܐo)]
  #6\7Lr6'"*9\PQQˁa=
  $jp<$-+Sf[J+JQI&ѴȍKcD
  %-𛪑E+B>>%aS:Mu#0
  &*aԱU-hnlnb_oϑ_6{ӰQvܛ
  ':\m*o\^1}X?˓p\ʨ2T|X
  (zOZ߮Rr4@߉V{w9X$?ɳ1yD_Rwt
6b;(V  (   
  !mek|+1g6\fmQS0囥\Ew7
  "zϓ\(4kZ$Q@wlxxdz[jY!?
  #saiѐFC~)5م1yZiu7:!
  $On<27Z'G7oplV3LiGQ66[Y!_J
  %pRߐR[]q׈o~fY[]
  &{kb9|e}x膹PlTmύ.WޛRC[
  'I}ˑ*P?=`屳'Ȃg)*Xl
  (ߥHB59ۊn:XhN6rvRޝ.̐w
6bud  (   
  !m9>Ԃ-1pEA',EhiM
  "zpGofM!*".Ƴ;ݎZ}'XhZA
  #GF2/֚[v6FL;j%\vC=5J~/
  $RĔ@}}w͍zI܃a
  %`U&H_|N~%mb5JdgT
  &6M`zA0w!"Gѷ@~̨F/+=B[
  ':ӇbYe#¼X';Axc8Z蜶
  (t@i7v"MNvvm(Tdlrs
6b3ӝ2^q  (   
  !h=V5spcS#>Z-覣yl
  "z2qOaq8#u{b$-#ǏU3.ݬ
  #Ht,mڗ8CmЏz%cհLjAW%ø"5}@A
  $A>J(gw)SvWP\qcޘ
  %pvn骛эc_Pĸֺn3
  &J4XzuTh8d$_ː$gV+K
  '79bi+ٸU/{UJa@wHF
  (߄hsy2_׷֡?.BmQGK3πx\d
6bH?  (   
  !fP.ul*e7\,8+'h+CNPr%H
  "yi0\\Q%"Q!S4߇#
  #Ovq,zpk[dD*ۧ,8ˌ綈~>Dƾ^*
  $\t7=@*̕2\Q̯֞Qj=cǒk+F
  %$ɏrD}31;S\ȪxwXT*ېE
  &V⹐L(hꎡލ8NQ/G
  '?ӝo=Klm"sQ3tߌ,AN)
  (ݦ<ӏ*$1.^햒xo-S
6b\  (   
  !k~v@X0gEBR,=fI:{GlkBG
  "yQ"nɺ@+0fPcw9
  #FH57Pq=G6G7){6s-M,
  $*TJS#5OfS\Ӗ#)VvMa
  %vG搮'[ZyU6koƉ;֯}$Q-
  &ܚ뻍E=]tևUt/ڑ8mLf#~
  '5g"3x໖!bqW1ψxPU$@80]
  (kT^9k~uf#7Q~5Ĳ[>35h?6ɕ
6bpאH?  (   
  !mH{THMT6z̍3ܦÙ3ҠxWݖ##
  "y폘.UyZ$ґo-&LM3s
  #9"*ד؆'֪ߏ}:hQHvG<O
  $_I-'<ͦ~ܸ#kf$U#ohzQC
  %S`rёƅq=)o'ujQ]la`3tu
  &wͰh|ƧC6Ĳ:9rpVEu7x
  '1CyBuTu2[_Ս?[/̭;{
  (ߑs2Qo\F#?6̋sﴴ)SfQYws~]W
6bCʧ  (   
  !jq$j֥@f8=5PȞpM~{skՉ]ej
  "y.}6G\Ϧ;wyDtJ|~JD~AE
  #$à,F.wIøŀuG:uJ0\tR
  $}O煉nO矤yXs7uUǚ|
  %4ޓ;PG+L͗71uZ-ttw7n@V
  &h_T_dlkin&:g դQsd
  'UP&!s,yZ?Çir;ӟisMWn
  (ֺY*_W$b+Um39Ԍ&,1p
6b  (   
  !fmQ,%NX}[S"⟩ze멘H_v8C(!Y
  "z< 4@RzV"۟W.:xG
  #];*H#,PY0$?bBõAF>Tx
  ${{8'On!YZ[že%?鎙QŨgͺ
  %/N1N|6l!F䷘"-hҠqOe
  &" K\*Bj!Nΐo\Lx
  '\^?R;}=XdWbz-@+݆/4,ٽ
  (hbJңB4}CYV8"lÒkoRh%>fhq
6buL  (   
  !hLj?d;7If;lnzGo?g*sN>tq
  "zc*q<j(GAoP),{FtVmuDxw
  #0<)0PHRw+ldN~X_혮ca%r
  $>ƞ\0́]'Q6|}qݍ:$\[1
  %7SEpA>ꋩ"IY[L4ҧdPoܭAf
  &qSS.J,qL>ecrOa?c"GDb
  'G!!jV?T}l^(!ӄ䎅D)U(ψ
  (ߙ[3D˻Q>Y6ge>8*R#avaZ
6b]#5H  (   
  !lùOʇoj<Os$}7GUw9)@+9^;j
  "{'8NLőloH2DoVEmu-B3\3
  #ǪE/껀LZc9)V{4@coU4
  $,ՏdfX]IP׷:&w)Gdc؀PB?DX
  % ?JhzSK1M6Y^n;RsXY
  &mdA%wlW\!2i3/P8_
  'Qؚ9U=U=ʅui!KNMb'S_
  (ҷ+tA:JdU+)]۶!G:+tɠ
6b򵕍  (   
  !l}4a9N/[ڗ^ežӪ^mǌE;PM;b/qx
  "{dUlU q浄{+蠷1ْ$[dk?J(ڊ
  #icmGp!T9V( -pZ}@
  $Z.DԐKS(ݘoXD4@߈诊{3|=
  %e5UHJRV/]5KPBv_nY%mh
  &8vim|RfB0J༘<JR:D,!)<
  '{u(q)LgT"ȵW}a~,:nrl
  (cE;c/TYʺGd7S#|ǞWbW,(;T
6b4_UIҙ  (   
  !h5zLg9\!T4ɰF0pԇLsKR-Ym
  "{´G.QVкt:)ߐg9+:=񕃤
  #=P5u۹ePaoT*^3;41
  $:߯/qZRMª^"끌))aʔ
  %4ѵ넑p07OɶaܲnHPFmLN@|
  &3BVq%ʎlJOzt:_GM
  'yb-Ӎ"Rc2'D>n컏ƘA4y
  (ߣ͓Ǟd==f[⊵<XPtTR`uѨL]<
